{
  "RSpec": {
    "coverage": {
      "/Users/sebass/Desktop/dobo-source/app/models/user.rb": [
        1,
        null,
        null,
        null,
        1,
        null,
        1,
        1,
        1,
        null
      ],
      "/Users/sebass/Desktop/dobo-source/app/helpers/application_helper.rb": [
        1,
        null
      ],
      "/Users/sebass/Desktop/dobo-source/app/helpers/articles_helper.rb": [
        1,
        null,
        1,
        5,
        null,
        null,
        1,
        5,
        null,
        null,
        1,
        3,
        3,
        null,
        0,
        null,
        null,
        null,
        1,
        5,
        null,
        null,
        1,
        0,
        null,
        null,
        1,
        0,
        null,
        null,
        1,
        35,
        null,
        null,
        null,
        null
      ],
      "/Users/sebass/Desktop/dobo-source/app/helpers/comments_helper.rb": [
        1,
        1,
        6,
        null,
        null
      ],
      "/Users/sebass/Desktop/dobo-source/app/helpers/search_helper.rb": [
        1,
        null
      ],
      "/Users/sebass/Desktop/dobo-source/app/helpers/votes_helper.rb": [
        1,
        null
      ],
      "/Users/sebass/Desktop/dobo-source/app/controllers/articles_controller.rb": [
        1,
        1,
        null,
        1,
        13,
        null,
        null,
        1,
        3,
        null,
        null,
        1,
        2,
        null,
        null,
        null,
        2,
        1,
        1,
        1,
        1,
        1,
        1,
        null,
        1,
        1,
        1,
        null,
        0,
        0,
        null,
        null,
        null,
        1,
        2,
        null,
        null,
        1,
        4,
        null,
        null,
        1,
        2,
        2,
        1,
        1,
        1,
        1,
        1,
        1,
        1,
        null,
        1,
        1,
        null,
        0,
        0,
        null,
        null,
        null,
        1,
        1,
        1,
        1,
        null,
        null,
        1,
        1,
        1,
        0,
        0,
        null,
        null,
        null,
        null,
        1,
        null,
        1,
        3,
        null,
        null,
        null
      ],
      "/Users/sebass/Desktop/dobo-source/app/controllers/application_controller.rb": [
        1,
        null,
        null,
        1,
        1,
        1,
        null,
        1,
        60,
        null,
        null,
        1,
        null,
        1,
        15,
        null,
        null
      ],
      "/Users/sebass/Desktop/dobo-source/app/controllers/comments_controller.rb": [
        1,
        1,
        1,
        null,
        1,
        5,
        5,
        null,
        null,
        1,
        0,
        0,
        0,
        0,
        0,
        null,
        null,
        null,
        null,
        1,
        null,
        1,
        0,
        null,
        null
      ],
      "/Users/sebass/Desktop/dobo-source/app/controllers/search_controller.rb": [
        1,
        1,
        null,
        1,
        0,
        0,
        0,
        null,
        0,
        null,
        null,
        null,
        null,
        null,
        null,
        null,
        null,
        1,
        null,
        1,
        0,
        null,
        null,
        null
      ],
      "/Users/sebass/Desktop/dobo-source/app/controllers/votes_controller.rb": [
        1,
        1,
        1,
        null,
        1,
        8,
        null,
        8,
        null,
        8,
        4,
        null,
        6,
        12,
        null,
        null,
        null,
        null,
        null,
        null,
        null,
        1,
        null,
        1,
        8,
        null,
        null,
        1,
        8,
        null,
        null,
        null
      ],
      "/Users/sebass/Desktop/dobo-source/app/models/article.rb": [
        1,
        1,
        null,
        1,
        1,
        1,
        1,
        null,
        1,
        1,
        null,
        1,
        null,
        1,
        null,
        null,
        1,
        null,
        null
      ],
      "/Users/sebass/Desktop/dobo-source/app/models/comment.rb": [
        1,
        1,
        1,
        1,
        null
      ],
      "/Users/sebass/Desktop/dobo-source/app/models/vote.rb": [
        1,
        1,
        1,
        null
      ]
    },
    "timestamp": 1409525353
  }
}
